The parameter values used or converged in the simulated result:
Initial LAI  = 0.0089326
Parameter a =   0.18215
Parameter b = 0.0017281
Parameter c =   0.00125

Estimated grain yield (kg/ha) :
 6967.1

DOY  DAP   GDD   OLAI    LAI    AGDM    NPP    GPP    ETc    PGP
149   0    0.0    nan   0.02     0.0   0.05   0.00   0.00    0.0
150   1    7.5    nan   0.02     0.1   0.05   1.36   0.72    0.0
151   2   17.8    nan   0.02     0.3   0.06   1.25   0.61    0.0
152   3   29.4    nan   0.02     0.4   0.07   1.24   0.70    0.0
153   4   40.7    nan   0.02     0.6   0.06   1.07   0.92    0.0
154   5   52.4    nan   0.02     0.8   0.02   1.30   0.70    0.0
155   6   60.3    nan   0.03     0.8   0.10   0.84   0.65    0.0
156   7   69.0    nan   0.03     1.1   0.09   1.37   0.52    0.0
157   8   78.0    nan   0.03     1.3   0.11   1.42   0.35    0.0
158   9   89.0    nan   0.04     1.6   0.13   1.22   0.51    0.0
159  10  100.8    nan   0.04     1.9   0.17   0.92   0.66    0.0
160  11  114.1    nan   0.05     2.4   0.20   1.33   0.52    0.0
161  12  128.3    nan   0.05     2.9   0.10   1.39   0.77    0.0
162  13  140.1    nan   0.06     3.2   0.20   1.42   1.24    0.0
163  14  152.9    nan   0.07     3.7   0.22   1.11   1.28    0.0
164  15  166.7    nan   0.07     4.2   0.28   1.11   1.43    0.0
165  16  179.8    nan   0.08     5.0   0.25   1.56   0.68    0.0
166  17  191.0    nan   0.09     5.6   0.08   0.96   0.65    0.0
167  18  200.0    nan   0.10     5.9   0.36   1.61   0.86    0.0
168  19  211.8    nan   0.11     6.8   0.18   1.60   0.78    0.0
169  20  222.6    nan   0.12     7.2   0.19   0.95   1.25    0.0
170  21  231.9    nan   0.14     7.7   0.46   0.78   1.16    0.0
171  22  243.8    nan   0.15     8.9   0.58   0.67   0.82    0.0
172  23  256.3    nan   0.17    10.4   0.75   1.64   0.81    0.0
173  24  270.4    nan   0.18    12.4   0.70   1.74   1.29    0.0
174  25  283.0    nan   0.20    14.2   0.50   0.79   1.46    0.0
175  26  295.2    nan   0.22    15.5   0.56   1.84   0.80    0.0
176  27  306.9    nan   0.24    16.9   0.68   1.23   1.10    0.0
177  28  319.1    nan   0.26    18.7   0.69   1.98   1.02    0.0
178  29  331.8    nan   0.28    20.5   0.86   1.60   0.62    0.0
179  30  344.5    nan   0.31    22.7   0.74   1.79   1.22    0.0
180  31  356.9    nan   0.33    24.7   0.96   0.97   1.47    0.0
181  32  369.4    nan   0.36    27.1   0.90   2.26   1.02    0.0
182  33  382.1    nan   0.38    29.5   1.45   2.28   0.80    0.0
183  34  395.9    nan   0.41    33.2   1.15   2.42   0.96    0.0
184  35  410.8    nan   0.44    36.2   0.40   1.99   0.88    0.0
185  36  422.7    nan   0.46    37.3   0.66   1.45   1.16    0.0
186  37  434.3    nan   0.49    39.0   0.40   2.34   1.31    0.0
187  38  443.9    nan   0.52    40.0   0.26   2.62   1.53    0.0
188  39  454.9    nan   0.56    40.7   0.56   2.63   0.76    0.0
189  40  468.8   0.60   0.59    42.1   0.96   2.56   1.22    0.0
190  41  483.4    nan   0.63    44.6   1.53   2.04   1.46    0.0
191  42  498.2    nan   0.68    48.6   1.77   2.62   1.36    0.0
192  43  513.8    nan   0.73    53.2   1.76   2.87   1.79    0.0
193  44  529.2    nan   0.78    57.7   2.24   1.91   2.12    0.0
194  45  545.9    nan   0.84    63.6   2.55   1.86   1.65    0.0
195  46  562.8    nan   0.90    70.2   2.00   2.93   1.18    0.0
196  47  579.5    nan   0.98    75.3   3.38   1.89   1.13    0.0
197  48  596.2    nan   1.05    84.1   2.54   2.50   0.53    0.0
198  49  611.9    nan   1.13    90.7   3.48   3.83   0.70    0.0
199  50  626.5    nan   1.22    99.7   3.54   3.72   1.49    0.0
200  51  642.2    nan   1.31   108.9   3.54   4.14   1.92    0.0
201  52  658.5   1.30   1.40   118.1   3.15   4.15   2.46    0.0
202  53  674.4    nan   1.49   126.3   4.94   4.24   2.15    0.0
203  54  691.5    nan   1.59   139.1   4.74   2.12   1.32    0.0
204  55  707.8    nan   1.68   151.3   4.75   1.25   1.19    0.0
205  56  724.8    nan   1.77   163.7   5.10   4.78   0.79    0.0
206  57  742.1    nan   1.86   176.9   5.34   5.44   1.75    0.0
207  58  759.9    nan   1.93   190.7   4.95   2.72   1.83    0.0
208  59  776.6   1.80   2.01   203.5   5.06   1.78   1.30    0.0
209  60  793.3    nan   2.07   216.7   5.02   5.68   1.84    0.0
210  61  810.6    nan   2.12   229.7   5.44   6.24   1.23    3.7
211  62  828.4    nan   2.17   243.8   5.25   2.61   1.71    0.0
212  63  844.8    nan   2.20   257.4   6.10   6.49   1.02    9.6
213  64  862.4    nan   2.23   273.2   4.22   5.47   2.35   21.1
214  65  879.5    nan   2.25   284.1   3.31   4.99   2.02   29.2
215  66  895.0    nan   2.26   292.7   4.45   6.47   1.57   35.7
216  67  910.3   2.00   2.27   304.2   6.00   6.22   1.95   44.4
217  68  927.2    nan   2.28   319.8   4.67   6.60   1.81   56.4
218  69  944.1    nan   2.28   331.9   6.27   6.09   2.44   65.8
219  70  959.5    nan   2.28   348.1   6.57   2.89   2.40   78.6
220  71  975.9    nan   2.27   365.2   2.64   6.56   1.35   92.1
221  72  990.3    nan   2.27   372.0   6.71   6.57   2.10   97.6
222  73 1006.1    nan   2.27   389.4   5.18   5.95   2.06  111.6
223  74 1022.7    nan   2.26   402.8   4.58   6.66   2.56  122.5
224  75 1037.4    nan   2.26   414.7   3.68   6.60   2.22  132.2
225  76 1051.9    nan   2.25   424.2   2.93   6.72   2.61  140.0
226  77 1066.1    nan   2.25   431.8   3.98   6.21   2.74  146.3
227  78 1079.2    nan   2.25   442.1   4.23   1.93   2.54  154.8
228  79 1093.5    nan   2.24   453.1   4.22   5.87   1.60  164.0
229  80 1107.3   2.50   2.24   464.0   6.26   7.00   1.43  173.2
230  81 1120.8    nan   2.23   480.3   3.50   6.80   1.77  186.8
231  82 1133.2    nan   2.23   489.3   3.92   5.41   2.44  194.5
232  83 1145.5    nan   2.22   499.5   5.47   6.93   2.28  203.1
233  84 1158.3    nan   2.22   513.7   0.97   6.63   3.00  215.2
234  85 1170.9    nan   2.22   516.2   4.65   2.09   3.41  217.4
235  86 1185.0   2.60   2.21   528.2   0.00   5.11   1.79  227.7
236  87 1197.4    nan   2.21   528.2   0.00   6.13   2.00  227.7
237  88 1210.7    nan   2.21   528.2   2.13   6.69   2.24  227.7
238  89 1224.7    nan   2.20   533.8   5.35   6.62   2.82  232.5
239  90 1239.9    nan   2.20   547.6   1.92   5.36   3.32  244.6
240  91 1252.5    nan   2.20   552.6   4.98   4.98   2.92  248.9
241  92 1266.0    nan   2.19   565.5   2.32   1.78   2.60  260.2
242  93 1279.6    nan   2.19   571.5   4.11   1.82   1.93  265.5
243  94 1293.9    nan   2.19   582.2   4.64   7.26   1.34  274.9
244  95 1308.8    nan   2.18   594.2   1.38   6.60   2.72  285.5
245  96 1321.1    nan   2.18   597.8   1.43   7.16   2.81  288.7
246  97 1331.4    nan   2.18   601.5   3.57   7.19   3.36  292.0
247  98 1343.0    nan   2.17   610.8   3.31   6.99   2.60  300.2
248  99 1354.4    nan   2.17   619.3   1.50   6.83   3.01  307.9
249 100 1364.2    nan   2.17   623.2   1.53   7.12   2.98  311.3
250 101 1372.7    nan   2.16   627.2   1.68   2.10   3.37  314.9
251 102 1383.5    nan   2.16   631.6   4.96   5.88   1.28  318.8
252 103 1395.2    nan   2.16   644.4   4.17   7.32   2.19  330.3
253 104 1406.6    nan   2.15   655.2   1.82   6.93   2.42  340.0
254 105 1418.1    nan   2.15   660.0   5.16   4.28   3.11  344.3
255 106 1431.6    nan   2.15   673.3   4.53   6.97   2.67  356.3
256 107 1444.9    nan   2.14   685.1   3.88   7.29   2.37  367.0
257 108 1457.6    nan   2.14   695.2   1.76   7.31   2.41  376.0
258 109 1468.6    nan   2.13   699.7   5.71   7.17   3.35  380.2
259 110 1481.6    nan   2.13   714.5   2.43   6.06   4.17  393.6
260 111 1491.4   2.30   2.12   720.8   3.76   4.14   3.94  399.3
261 112 1503.3    nan   2.12   730.6   3.41   6.43   2.88  408.2
262 113 1515.1    nan   2.12   739.4   4.42   7.02   3.43  416.2
263 114 1527.1    nan   2.11   750.9   5.42   6.47   3.94  426.7
264 115 1538.8    nan   2.11   764.9   2.73   7.04   3.78  439.5
265 116 1549.9    nan   2.10   772.0   4.48   5.22   3.22  446.0
266 117 1561.7    nan   2.10   783.6   5.25   6.32   3.04  456.6
267 118 1571.9    nan   2.09   797.2   4.75   6.99   3.15  469.0
268 119 1581.3    nan   2.09   809.6   3.82   7.07   3.41  480.3
269 120 1591.5    nan   2.09   819.4   3.20   4.27   2.90  489.4
270 121 1602.3    nan   2.08   827.7   2.98   6.09   1.96  497.0
271 122 1613.1    nan   2.08   835.5   2.61   7.18   2.92  504.1
272 123 1624.4    nan   2.07   842.2   0.80   3.26   3.90  510.3
273 124 1636.3    nan   2.07   844.3   2.73   7.27   2.48  512.2
274 125 1649.1    nan   2.07   851.4   2.73   6.41   3.05  518.7
275 126 1660.5    nan   2.06   858.4   3.35   4.97   3.91  525.1
276 127 1672.4    nan   2.06   867.1   4.93   7.00   3.31  533.1
277 128 1684.1    nan   2.06   879.9   4.15   7.21   4.03  544.8
278 129 1698.7    nan   2.05   890.7   4.58   4.28   3.91  554.7
279 130 1711.8    nan   2.05   902.5   5.03   4.86   3.06  565.6
280 131 1724.1   2.40   2.05   915.6   2.61   6.48   3.03  577.5
281 132 1735.1    nan   2.04   922.3   2.48   6.95   4.45  583.7
282 133 1745.7    nan   2.04   928.7   4.05   6.11   4.53  589.5
283 134 1758.6    nan   2.04   939.2   3.06   2.76   4.11  599.1
284 135 1772.1    nan   2.03   947.2   1.18   2.40   2.40  606.3
285 136 1777.6    nan   2.03   950.2   0.91   2.75   2.78  609.0
286 137 1782.8    nan   2.03   952.6   2.45   6.03   1.99  611.2
287 138 1791.3    nan   2.02   958.9   3.38   6.87   3.60  616.9
288 139 1801.8    nan   2.02   967.7   2.42   2.36   4.44  624.6
289 140 1810.0    nan   2.02   974.0   1.63   5.79   2.83  630.1
290 141 1811.1    nan   2.01   978.2   4.84   7.18   2.74  633.8
291 142 1811.1    nan   2.01   990.7   4.59   6.76   4.29  644.7
292 143 1811.1    nan   2.01  1002.6   2.79   6.63   4.99  655.0
293 144 1812.4    nan   2.01  1009.9   3.10   6.60   3.62  661.3
294 145 1812.4    nan   2.00  1017.9   4.24   5.15   3.43  668.2
295 146 1812.4    nan   2.00  1028.9   4.21   5.00   3.87  677.7
296 147 1812.4    nan   2.00  1039.8   4.35   5.77   3.38  687.1
297 148 1813.9    nan   2.00  1051.0   3.79   7.06   3.68  696.7
298 149 1815.4    nan   2.00  1060.9   0.00   7.09   4.18  696.7
