The parameter values used or converged in the simulated result:
Initial LAI  =  0.037212
Parameter a = 0.00036834
Parameter b = 6.3519e-13
Parameter c = 0.0021741

Estimated grain yield (kg/ha) :
12514.0

DOY  DAP   GDD   OLAI    LAI    AGDM    NPP    GPP    ETc    PGP
149   0    0.0    nan   0.07     0.0   0.19   0.00   0.00    0.0
150   1   10.6    nan   0.07     0.5   0.05   1.08   0.85    0.0
151   2   18.4    nan   0.08     0.6   0.25   1.47   0.89    0.0
152   3   28.9    nan   0.08     1.3   0.29   1.44   0.93    0.0
153   4   41.8    nan   0.09     2.0   0.35   0.80   0.87    0.0
154   5   53.4    nan   0.10     2.9   0.40   1.53   0.68    0.0
155   6   67.9    nan   0.11     3.9   0.42   1.58   0.85    0.0
156   7   80.2    nan   0.13     5.0   0.10   1.58   1.04    0.0
157   8   88.0    nan   0.14     5.3   0.35   1.36   1.03    0.0
158   9   96.8    nan   0.16     6.2   0.38   1.52   0.99    0.0
159  10  104.8    nan   0.18     7.2   0.33   1.29   1.10    0.0
160  11  112.7    nan   0.21     8.0   0.72   1.45   0.67    0.0
161  12  122.7    nan   0.23     9.9   0.67   1.15   0.61    0.0
162  13  132.9    nan   0.26    11.6   0.95   1.83   0.45    0.0
163  14  145.8    nan   0.30    14.1   0.71   1.59   0.83    0.0
164  15  157.0    nan   0.33    15.9   0.60   1.77   0.98    0.0
165  16  167.7   0.31   0.38    17.5   0.55   1.63   0.77    0.0
166  17  174.9    nan   0.43    18.9   0.95   2.10   0.78    0.0
167  18  184.9    nan   0.48    21.4   1.44   2.00   0.82    0.0
168  19  196.5    nan   0.54    25.1   1.25   2.24   1.05    0.0
169  20  208.9    nan   0.60    28.3   1.99   2.24   0.89    0.0
170  21  222.8    nan   0.68    33.5   1.89   1.73   1.09    0.0
171  22  237.2    nan   0.76    38.4   2.70   1.58   1.21    0.0
172  23  253.2    nan   0.84    45.4   2.65   1.92   1.14    0.0
173  24  269.7    nan   0.93    52.3   3.66   1.18   1.19    0.0
174  25  285.2    nan   1.03    61.8   1.44   2.92   0.75    0.0
175  26  299.4    nan   1.13    65.5   2.07   3.26   1.00    0.0
176  27  312.8    nan   1.24    70.8   3.15   3.57   0.93    0.0
177  28  327.8    nan   1.36    79.0   2.75   3.79   0.86    0.0
178  29  343.7    nan   1.49    86.2   1.96   4.03   0.79    0.0
179  30  359.0    nan   1.62    91.2   2.49   4.22   0.94    0.0
180  31  375.2    nan   1.77    97.7   2.66   2.78   1.11    0.0
181  32  390.4    nan   1.92   104.6   3.23   4.32   0.70    0.0
182  33  405.8    nan   2.08   113.0   5.91   4.92   0.91    0.0
183  34  422.4    nan   2.25   128.3   6.24   4.72   0.95    0.0
184  35  439.2    nan   2.44   144.5   5.11   4.71   0.89    0.0
185  36  456.5    nan   2.63   157.7   4.18   4.44   0.58    0.0
186  37  472.3    nan   2.83   168.5   4.89   3.43   0.94    0.0
187  38  488.9    nan   3.04   181.2   6.93   6.69   0.68    0.0
188  39  506.7    nan   3.26   199.2   5.86   6.17   1.11    0.0
189  40  524.2    nan   3.49   214.4   3.11   7.78   1.32    0.0
190  41  539.4    nan   3.72   222.4   6.10   8.00   1.13    0.0
191  42  555.1    nan   3.96   238.2   7.37   8.47   1.49    0.0
192  43  572.2    nan   4.21   257.3   4.90   7.24   1.60    0.0
193  44  587.6    nan   4.46   270.0   6.92   8.52   1.40    0.0
194  45  604.0    nan   4.72   288.0   3.83   6.70   1.59    0.0
195  46  618.2   6.85   4.97   297.9   8.56   7.04   0.76    0.0
196  47  634.0    nan   5.23   320.1   9.28  11.74   0.52    0.0
197  48  649.2    nan   5.49   344.1  10.28  11.69   0.73    0.0
198  49  664.3    nan   5.74   370.8   4.83   7.46   1.35    0.0
199  50  678.9    nan   5.99   383.3   1.50  12.31   0.97    0.0
200  51  690.2    nan   6.22   387.2   9.64  12.07   0.77    0.0
201  52  705.0    nan   6.44   412.2   9.84  13.75   1.25    0.0
202  53  720.9    nan   6.64   437.7   3.66  14.43   0.92    0.0
203  54  733.1    nan   6.81   447.2   6.04  13.41   0.88    0.0
204  55  747.1    nan   6.96   462.8   5.46  15.52   1.10    0.0
205  56  760.6    nan   7.09   477.0   2.23  15.60   1.61    0.0
206  57  772.8    nan   7.19   482.7   7.83  17.17   1.81    1.4
207  58  788.0    nan   7.27   503.0   7.25  14.77   1.59   18.3
208  59  803.9    nan   7.33   521.8  10.49  10.86   2.08   34.3
209  60  819.2    nan   7.36   549.0  11.18  16.94   1.63   57.7
210  61  835.7    nan   7.38   578.0   9.57  16.03   1.44   83.1
211  62  853.7    nan   7.38   602.8   4.59  14.69   1.93  105.0
212  63  870.0    nan   7.37   614.7   3.12  15.03   1.99  115.6
213  64  884.9    nan   7.35   622.8   4.10   0.00   1.33  122.8
214  65  900.6    nan   7.33   633.4   6.19  15.13   1.37  132.4
215  66  917.0    nan   7.30   649.4   6.71  16.67   1.84  146.9
216  67  933.5    nan   7.26   666.8   8.96  16.87   2.18  162.7
217  68  951.3    nan   7.22   690.1   6.29  14.90   2.42  183.9
218  69  968.8    nan   7.18   706.4   8.08  10.89   2.46  198.9
219  70  987.4    nan   7.14   727.3   9.21  13.63   2.23  218.2
220  71 1006.2    nan   7.10   751.2   6.80   2.76   2.44  240.2
221  72 1023.7    nan   7.06   768.8   6.87   5.23   1.35  256.5
222  73 1041.2    nan   7.02   786.6   4.79  16.40   1.92  273.1
223  74 1058.0   6.47   6.98   799.0   1.42  16.25   2.69  284.7
224  75 1072.5    nan   6.94   802.7   6.93   4.57   2.82  288.1
225  76 1089.3    nan   6.90   820.7   5.47   5.72   1.64  304.9
226  77 1105.4    nan   6.86   834.8   8.70   4.82   1.11  318.2
227  78 1123.5    nan   6.82   857.4   8.24   8.78   1.01  339.4
228  79 1141.8    nan   6.78   878.7   2.42  13.27   1.28  359.5
229  80 1156.2    nan   6.74   885.0   0.52  15.40   1.97  365.4
230  81 1171.1    nan   6.70   886.4   0.52  11.71   1.85  366.6
231  82 1185.8    nan   6.66   887.7   6.56  15.89   1.78  367.9
232  83 1201.1    nan   6.61   904.7   2.65   9.91   2.56  384.0
233  84 1215.9    nan   6.57   911.6   7.27   4.09   2.17  390.5
234  85 1232.0    nan   6.52   930.5   9.99  15.41   2.11  408.4
235  86 1248.3    nan   6.47   956.3   2.52  14.95   2.55  433.0
236  87 1263.1    nan   6.42   962.9   6.16  16.53   2.38  439.2
237  88 1277.9    nan   6.37   978.8   8.66  11.61   2.83  454.4
238  89 1291.8   6.19   6.31  1001.3  10.47   9.70   2.90  475.8
239  90 1305.2    nan   6.26  1028.4   7.42  13.87   1.78  501.6
240  91 1316.1    nan   6.20  1047.6   8.78  16.35   2.28  520.0
241  92 1327.1    nan   6.15  1070.4   2.80  16.00   2.44  541.7
242  93 1336.7    nan   6.10  1077.7   3.11  16.10   2.77  548.6
243  94 1349.6    nan   6.04  1085.7   5.20  14.04   2.95  556.3
244  95 1361.6    nan   5.99  1099.2   3.73  15.26   2.91  569.2
245  96 1372.9    nan   5.93  1108.9   4.94  14.69   3.19  578.4
246  97 1384.5    nan   5.88  1121.7   5.28  15.75   2.79  590.7
247  98 1397.9    nan   5.83  1135.4   6.17  15.25   3.72  603.8
248  99 1413.4    nan   5.77  1151.4   1.09  14.75   3.47  619.1
249 100 1425.5    nan   5.72  1154.2   5.37  14.00   3.79  621.8
250 101 1435.5    nan   5.66  1168.1   9.59  14.64   3.70  635.1
251 102 1446.5    nan   5.60  1193.0   7.73   6.62   3.92  658.9
252 103 1457.6    nan   5.54  1213.0   4.08  11.00   2.72  678.1
253 104 1470.1    nan   5.48  1223.6   5.38  15.03   2.53  688.3
254 105 1481.4    nan   5.42  1237.5   7.16  14.89   2.82  701.6
255 106 1493.4    nan   5.35  1256.1   2.55  14.95   3.12  719.4
256 107 1504.3    nan   5.28  1262.7   2.93  13.13   3.40  725.7
257 108 1516.9    nan   5.21  1270.3   6.84  14.70   3.33  733.0
258 109 1530.7   5.03   5.14  1288.0   8.02  14.62   3.87  750.0
259 110 1545.5    nan   5.07  1308.8   6.51   8.89   3.85  770.0
260 111 1561.2    nan   4.99  1325.7   7.94  13.72   2.80  786.1
261 112 1578.3    nan   4.92  1346.3   6.85  11.46   3.88  805.8
262 113 1595.8    nan   4.84  1364.0   7.70  13.46   3.66  822.9
263 114 1609.2    nan   4.76  1384.0   5.85   9.85   3.83  842.0
264 115 1618.6    nan   4.68  1399.2   6.81   3.55   3.72  856.5
265 116 1627.2    nan   4.59  1416.8   7.67  12.50   1.85  873.4
266 117 1635.2    nan   4.51  1436.7   6.97  11.30   3.57  892.4
267 118 1643.6    nan   4.43  1454.8   7.92   9.37   3.76  909.7
268 119 1650.9    nan   4.35  1475.3   4.87   8.09   2.74  929.3
269 120 1659.9    nan   4.26  1487.9   3.39  12.63   2.17  941.3
270 121 1668.2    nan   4.18  1496.7   7.60  12.21   3.04  949.7
271 122 1678.5    nan   4.10  1516.4   3.97  12.31   3.51  968.5
272 123 1687.6    nan   4.02  1526.7   7.52  12.06   3.72  978.3
273 124 1697.7    nan   3.95  1546.2   7.13  11.96   4.27  996.9
274 125 1708.2    nan   3.87  1564.6   6.68  11.49   4.23 1014.4
275 126 1719.3    nan   3.79  1582.0   6.34  10.62   4.14 1030.9
276 127 1731.1   3.73   3.72  1598.4   2.86  10.48   3.58 1046.5
277 128 1745.9    nan   3.65  1605.8   2.11   7.02   3.60 1053.5
278 129 1754.5    nan   3.58  1611.3   6.42   9.65   2.92 1058.7
279 130 1760.3    nan   3.51  1627.9   4.81   8.96   3.75 1074.3
280 131 1765.9    nan   3.44  1640.4   5.45   7.19   3.54 1086.1
281 132 1771.0    nan   3.38  1654.5   3.92   4.24   3.48 1099.4
282 133 1775.7    nan   3.31  1664.7   1.61  10.10   2.61 1108.9
283 134 1778.4    nan   3.25  1668.9   3.97  10.29   3.50 1112.8
284 135 1779.9    nan   3.18  1679.1   5.99  10.14   3.30 1122.5
285 136 1782.7    nan   3.12  1694.7   0.00   9.68   4.15 1137.0
286 137 1785.7    nan   3.05  1694.7   4.80   9.63   4.68 1137.0
287 138 1791.2    nan   2.99  1707.1   5.38   7.71   4.51 1148.6
288 139 1797.6    nan   2.92  1721.0   5.24   7.34   3.79 1161.5
289 140 1804.9    nan   2.86  1734.6   4.75   9.24   3.81 1174.1
290 141 1811.7    nan   2.79  1746.9   5.32   8.91   4.33 1185.4
291 142 1813.9    nan   2.73  1760.7   5.35   8.25   4.71 1198.1
292 143 1813.9    nan   2.67  1774.6   5.09   8.59   4.69 1210.8
293 144 1813.9    nan   2.61  1787.8   5.00   8.07   5.19 1222.8
294 145 1815.7    nan   2.56  1800.7   2.74   8.34   4.88 1234.7
295 146 1818.2    nan   2.52  1807.8   4.45   8.24   4.19 1241.1
296 147 1824.3    nan   2.49  1819.4   4.29   7.14   4.39 1251.4
297 148 1827.8    nan   2.46  1830.5   4.50   7.76   4.62 1251.4
298 149 1827.8    nan   2.45  1842.1   0.00   3.01   4.62 1251.4
