The parameter values used or converged in the simulated result:
Initial LAI  = 0.0088088
Parameter a = 0.0002822
Parameter b =  0.011305
Parameter c =   0.00125

Estimated grain yield (kg/ha) :
 3840.8

DOY  DAP   GDD   OLAI    LAI    AGDM    NPP    GPP    ETc    PGP
 58   0    0.0    nan   0.01     0.0   0.03   0.00   0.00    0.0
 59   1    8.0    nan   0.01     0.1   0.00   1.23   0.86    0.0
 60   2   15.7    nan   0.02     0.1   0.04   1.48   1.00    0.0
 61   3   18.2    nan   0.02     0.2   0.05   1.09   0.67    0.0
 62   4   23.1    nan   0.02     0.3   0.06   1.22   0.54    0.0
 63   5   33.2    nan   0.02     0.5   0.05   1.52   0.73    0.0
 64   6   48.3    nan   0.02     0.6   0.02   0.86   0.89    0.0
 65   7   60.0    nan   0.02     0.7   0.10   0.70   0.89    0.0
 66   8   69.5    nan   0.03     0.9   0.04   0.85   0.57    0.0
 67   9   77.4    nan   0.03     1.0   0.03   0.35   0.59    0.0
 68  10   81.2    nan   0.03     1.1   0.09   0.50   0.51    0.0
 69  11   87.0    nan   0.04     1.3   0.14   0.90   0.46    0.0
 70  12   94.0    nan   0.04     1.7   0.16   1.33   0.51    0.0
 71  13  102.6    nan   0.05     2.1   0.19   1.38   0.86    0.0
 72  14  113.6    nan   0.05     2.6   0.21   1.54   1.07    0.0
 73  15  127.1    nan   0.06     3.2   0.22   0.52   1.16    0.0
 74  16  144.3    nan   0.07     3.8   0.03   1.11   0.86    0.0
 75  17  157.4    nan   0.07     3.8   0.08   1.51   0.75    0.0
 76  18  166.5    nan   0.08     4.0   0.33   1.63   1.05    0.0
 77  19  176.3    nan   0.09     4.9   0.14   1.60   1.08    0.0
 78  20  185.8    nan   0.10     5.3   0.07   1.52   1.16    0.0
 79  21  197.4    nan   0.11     5.5   0.01   1.40   1.13    0.0
 80  22  204.9    nan   0.12     5.5   0.00   1.57   1.12    0.0
 81  23  207.4    nan   0.13     5.5   0.00   1.68   0.68    0.0
 82  24  214.3    nan   0.15     5.5   0.41   1.80   0.42    0.0
 83  25  222.2    nan   0.17     6.6   0.50   1.86   0.47    0.0
 84  26  232.2    nan   0.19     7.9   0.65   1.88   0.45    0.0
 85  27  244.8    nan   0.22     9.6   0.74   1.83   0.82    0.0
 86  28  259.1    nan   0.25    11.5   0.88   1.91   0.74    0.0
 87  29  274.2    nan   0.29    13.8   1.11   1.97   0.62    0.0
 88  30  290.2    nan   0.33    16.6   0.94   1.53   0.80    0.0
 89  31  308.9    nan   0.38    19.1   1.31   2.32   0.86    0.0
 90  32  327.0    nan   0.43    22.5   1.60   2.09   0.92    0.0
 91  33  344.6    nan   0.49    26.6   1.15   2.30   0.90    0.0
 92  34  363.1    nan   0.55    29.6   2.05   1.89   0.49    0.0
 93  35  382.7    nan   0.62    34.9   2.34   2.57   0.47    0.0
 94  36  402.9    nan   0.69    41.0   0.52   2.91   0.55    0.0
 95  37  419.1    nan   0.78    42.3   0.58   3.23   0.51    0.0
 96  38  431.9    nan   0.87    43.8   2.62   3.13   0.77    0.0
 97  39  440.8    nan   0.97    50.6   2.56   3.00   1.20    0.0
 98  40  446.2    nan   1.07    57.2   3.59   2.95   1.20    0.0
 99  41  455.1    nan   1.19    66.5   4.31   2.56   1.09    0.0
100  42  469.9   1.65   1.31    77.7   4.31   2.16   0.65    0.0
101  43  486.5    nan   1.45    88.9   5.20   4.87   0.64    0.0
102  44  503.2    nan   1.59   102.4   3.70   4.23   1.07    0.0
103  45  516.9    nan   1.73   111.9   2.26   4.12   1.69    0.0
104  46  531.6    nan   1.89   117.8   0.68   4.55   1.17    0.0
105  47  543.2    nan   2.05   119.5   5.97   5.89   1.20    0.0
106  48  554.7   1.84   2.21   135.0   5.91   4.55   1.05    0.0
107  49  566.4    nan   2.38   150.3   6.74   4.85   1.34    0.0
108  50  581.7    nan   2.55   167.8   7.78   5.80   1.39    0.0
109  51  596.7    nan   2.72   188.0   8.05   5.35   1.43    0.0
110  52  612.7    nan   2.88   208.8   8.03   8.15   0.92    0.0
111  53  632.6   2.89   3.04   229.6   8.41   6.42   1.37    0.0
112  54  653.0    nan   3.19   251.4   3.88   8.15   1.60    0.0
113  55  673.2    nan   3.33   261.5   0.91   7.88   1.50    0.0
114  56  689.2    nan   3.46   263.9   1.93   9.98   1.58    0.0
115  57  703.6    nan   3.57   268.8   8.01   9.03   1.99    0.0
116  58  721.1    nan   3.67   289.6   7.39   1.78   1.99    0.0
117  59  738.1   3.57   3.76   308.8   7.97  10.05   1.34    0.0
118  60  754.6    nan   3.83   329.4   9.06  11.35   1.06    0.0
119  61  773.1    nan   3.89   352.9   9.15  10.68   1.78    0.0
120  62  791.1    nan   3.94   376.6   5.52   8.58   2.37   19.9
121  63  812.2    nan   3.97   390.9   5.35   4.60   2.12   31.9
122  64  832.3    nan   4.00   404.8   1.49  11.61   1.80   43.7
123  65  848.1    nan   4.02   408.7   5.93   6.15   1.94   46.9
124  66  861.3   4.19   4.04   424.1   9.73   4.11   1.48   59.9
125  67  876.1    nan   4.04   449.3   7.78   9.29   0.95   81.0
126  68  894.0    nan   4.05   469.4   0.97  11.33   1.43   97.8
127  69  911.4    nan   4.05   471.9   3.53  11.09   1.84   99.9
128  70  930.7   4.28   4.05   481.1   6.54  11.27   2.16  107.3
129  71  950.1    nan   4.05   498.1   7.22  10.82   2.49  121.1
130  72  968.3    nan   4.05   516.8   8.45  10.07   2.63  136.1
131  73  987.0    nan   4.05   538.7   8.29   1.68   2.94  153.4
132  74 1004.8    nan   4.05   560.2   1.62   4.37   1.87  170.2
133  75 1023.5    nan   4.05   564.4   7.87  11.25   1.39  173.4
134  76 1042.8   4.44   4.05   584.8   8.87   5.71   2.12  188.9
135  77 1063.8    nan   4.05   607.8   7.29   3.14   2.08  206.1
136  78 1087.8    nan   4.05   626.6   2.07   0.49   1.61  219.8
137  79 1112.4    nan   4.05   632.0   1.68   0.10   1.99  223.7
138  80 1136.9    nan   4.04   636.4   1.59   0.20   0.93  226.7
139  81 1157.7    nan   4.04   640.5   3.95  10.96   1.82  229.5
140  82 1177.1    nan   4.04   650.7   6.73  11.15   2.26  236.3
141  83 1196.0   4.63   4.04   668.2   6.41  11.80   2.55  247.6
142  84 1213.7    nan   4.04   684.8   5.99  11.48   2.74  258.1
143  85 1234.0    nan   4.04   700.3   9.97  11.57   2.88  267.6
144  86 1253.4    nan   4.04   726.2   9.55  11.99   3.01  283.0
145  87 1273.0    nan   4.04   750.9   7.54   9.94   3.09  297.3
146  88 1293.8    nan   4.04   770.5   9.91  11.27   2.86  308.2
147  89 1316.4    nan   4.04   796.2   5.99  11.59   2.93  321.9
148  90 1338.7    nan   4.04   811.7   6.31   8.77   3.25  329.8
149  91 1361.5   4.08   4.04   828.0   8.03  11.71   2.81  337.6
150  92 1385.9    nan   4.04   848.9   3.79  11.68   3.41  346.9
151  93 1408.0    nan   4.04   858.7   8.03   3.66   3.35  351.0
152  94 1429.3    nan   4.04   879.5   9.71   3.95   2.04  359.1
153  95 1453.1    nan   4.04   904.7   9.78  11.27   1.37  367.8
154  96 1477.9    nan   4.04   930.0   8.94  10.47   1.89  375.4
155  97 1502.9    nan   4.04   953.2   7.12  12.01   1.72  381.0
156  98 1527.0    nan   4.04   971.6   4.66  12.51   2.47  384.1
157  99 1549.6    nan   4.04   983.7   0.00  11.88   3.08  384.1
